10:22:00 - Root WebApplicationContext: initialization started
10:22:01 - Refreshing Root WebApplicationContext: startup date [Fri Dec 08 10:22:01 CST 2017]; root of context hierarchy
10:22:01 - Loading XML bean definitions from class path resource [beans.xml]
10:22:04 - Loading XML bean definitions from class path resource [mvc_security.xml]
10:22:05 - You are running with Spring Security Core 4.2.3.RELEASE
10:22:05 - **** You are advised to use Spring 4.3.9.RELEASE or later with this version. You are running: 4.3.6.RELEASE
10:22:05 - Spring Security 'config' module version is 4.2.3.RELEASE
10:22:05 - Creating access control expression attribute 'hasRole('ROLE_USER')' for /upload
10:22:05 - Creating access control expression attribute 'hasRole('ROLE_USER')' for /admin/**
10:22:05 - No login page configured. The default internal one will be used. Use the 'login-page' attribute to set the URL of the login page.
10:22:05 - Checking sorted filter chain: [Root bean: class [org.springframework.security.web.context.SecurityContextPersistenceFilter]; scope=; abstract=false; lazyInit=false; autowireMode=0; dependencyCheck=0; autowireCandidate=true; primary=false; factoryBeanName=null; factoryMethodName=null; initMethodName=null; destroyMethodName=null, order = 200, Root bean: class [org.springframework.security.web.context.request.async.WebAsyncManagerIntegrationFilter]; scope=; abstract=false; lazyInit=false; autowireMode=0; dependencyCheck=0; autowireCandidate=true; primary=false; factoryBeanName=null; factoryMethodName=null; initMethodName=null; destroyMethodName=null, order = 400, Root bean: class [org.springframework.security.web.header.HeaderWriterFilter]; scope=; abstract=false; lazyInit=false; autowireMode=0; dependencyCheck=0; autowireCandidate=true; primary=false; factoryBeanName=null; factoryMethodName=null; initMethodName=null; destroyMethodName=null, order = 500, Root bean: class [org.springframework.security.web.authentication.logout.LogoutFilter]; scope=; abstract=false; lazyInit=false; autowireMode=0; dependencyCheck=0; autowireCandidate=true; primary=false; factoryBeanName=null; factoryMethodName=null; initMethodName=null; destroyMethodName=null, order = 800, <org.springframework.security.web.authentication.UsernamePasswordAuthenticationFilter#0>, order = 1200, Root bean: class [org.springframework.security.web.authentication.ui.DefaultLoginPageGeneratingFilter]; scope=; abstract=false; lazyInit=false; autowireMode=0; dependencyCheck=0; autowireCandidate=true; primary=false; factoryBeanName=null; factoryMethodName=null; initMethodName=null; destroyMethodName=null, order = 1400, Root bean: class [org.springframework.security.web.authentication.www.BasicAuthenticationFilter]; scope=; abstract=false; lazyInit=false; autowireMode=0; dependencyCheck=0; autowireCandidate=true; primary=false; factoryBeanName=null; factoryMethodName=null; initMethodName=null; destroyMethodName=null, order = 1600, Root bean: class [org.springframework.security.web.savedrequest.RequestCacheAwareFilter]; scope=; abstract=false; lazyInit=false; autowireMode=0; dependencyCheck=0; autowireCandidate=true; primary=false; factoryBeanName=null; factoryMethodName=null; initMethodName=null; destroyMethodName=null, order = 1700, Root bean: class [null]; scope=; abstract=false; lazyInit=false; autowireMode=0; dependencyCheck=0; autowireCandidate=true; primary=false; factoryBeanName=org.springframework.security.config.http.HttpConfigurationBuilder$SecurityContextHolderAwareRequestFilterBeanFactory#0; factoryMethodName=getBean; initMethodName=null; destroyMethodName=null, order = 1800, Root bean: class [org.springframework.security.web.authentication.AnonymousAuthenticationFilter]; scope=; abstract=false; lazyInit=false; autowireMode=0; dependencyCheck=0; autowireCandidate=true; primary=false; factoryBeanName=null; factoryMethodName=null; initMethodName=null; destroyMethodName=null, order = 2100, Root bean: class [org.springframework.security.web.session.SessionManagementFilter]; scope=; abstract=false; lazyInit=false; autowireMode=0; dependencyCheck=0; autowireCandidate=true; primary=false; factoryBeanName=null; factoryMethodName=null; initMethodName=null; destroyMethodName=null, order = 2200, Root bean: class [org.springframework.security.web.access.ExceptionTranslationFilter]; scope=; abstract=false; lazyInit=false; autowireMode=0; dependencyCheck=0; autowireCandidate=true; primary=false; factoryBeanName=null; factoryMethodName=null; initMethodName=null; destroyMethodName=null, order = 2300, <org.springframework.security.web.access.intercept.FilterSecurityInterceptor#0>, order = 2400]
10:22:05 - Loading XML bean definitions from class path resource [spring_redis.xml]
10:22:06 - Loading properties file from class path resource [db.properties]
10:22:08 - Loaded JDBC driver: com.mysql.jdbc.Driver
10:22:08 - Building JPA container EntityManagerFactory for persistence unit 'default'
10:22:09 - HHH000204: Processing PersistenceUnitInfo [
	name: default
	...]
10:22:09 - HHH000412: Hibernate Core {4.3.6.Final}
10:22:09 - HHH000206: hibernate.properties not found
10:22:09 - HHH000021: Bytecode provider name : javassist
10:22:10 - HCANN000001: Hibernate Commons Annotations {5.0.1.Final}
10:22:12 - HHH000400: Using dialect: org.hibernate.dialect.MySQL5InnoDBDialect
10:22:13 - Exception encountered during context initialization - cancelling refresh attempt: org.springframework.beans.factory.BeanCreationException: Error creating bean with name 'entityManagerFactory' defined in class path resource [beans.xml]: Invocation of init method failed; nested exception is javax.persistence.PersistenceException: [PersistenceUnit: default] Unable to build Hibernate SessionFactory
10:22:13 - Context initialization failed
org.springframework.beans.factory.BeanCreationException: Error creating bean with name 'entityManagerFactory' defined in class path resource [beans.xml]: Invocation of init method failed; nested exception is javax.persistence.PersistenceException: [PersistenceUnit: default] Unable to build Hibernate SessionFactory
	at org.springframework.beans.factory.support.AbstractAutowireCapableBeanFactory.initializeBean(AbstractAutowireCapableBeanFactory.java:1628)
	at org.springframework.beans.factory.support.AbstractAutowireCapableBeanFactory.doCreateBean(AbstractAutowireCapableBeanFactory.java:555)
	at org.springframework.beans.factory.support.AbstractAutowireCapableBeanFactory.createBean(AbstractAutowireCapableBeanFactory.java:483)
	at org.springframework.beans.factory.support.AbstractBeanFactory$1.getObject(AbstractBeanFactory.java:306)
	at org.springframework.beans.factory.support.DefaultSingletonBeanRegistry.getSingleton(DefaultSingletonBeanRegistry.java:230)
	at org.springframework.beans.factory.support.AbstractBeanFactory.doGetBean(AbstractBeanFactory.java:302)
	at org.springframework.beans.factory.support.AbstractBeanFactory.getBean(AbstractBeanFactory.java:197)
	at org.springframework.context.support.AbstractApplicationContext.getBean(AbstractApplicationContext.java:1081)
	at org.springframework.context.support.AbstractApplicationContext.finishBeanFactoryInitialization(AbstractApplicationContext.java:856)
	at org.springframework.context.support.AbstractApplicationContext.refresh(AbstractApplicationContext.java:542)
	at org.springframework.web.context.ContextLoader.configureAndRefreshWebApplicationContext(ContextLoader.java:444)
	at org.springframework.web.context.ContextLoader.initWebApplicationContext(ContextLoader.java:326)
	at org.springframework.web.context.ContextLoaderListener.contextInitialized(ContextLoaderListener.java:107)
	at org.apache.catalina.core.StandardContext.listenerStart(StandardContext.java:4853)
	at org.apache.catalina.core.StandardContext.startInternal(StandardContext.java:5314)
	at org.apache.catalina.util.LifecycleBase.start(LifecycleBase.java:145)
	at org.apache.catalina.core.ContainerBase$StartChild.call(ContainerBase.java:1408)
	at org.apache.catalina.core.ContainerBase$StartChild.call(ContainerBase.java:1398)
	at java.util.concurrent.FutureTask.run(FutureTask.java:266)
	at java.util.concurrent.ThreadPoolExecutor.runWorker(ThreadPoolExecutor.java:1142)
	at java.util.concurrent.ThreadPoolExecutor$Worker.run(ThreadPoolExecutor.java:617)
	at java.lang.Thread.run(Thread.java:745)
Caused by: javax.persistence.PersistenceException: [PersistenceUnit: default] Unable to build Hibernate SessionFactory
	at org.hibernate.jpa.boot.internal.EntityManagerFactoryBuilderImpl.persistenceException(EntityManagerFactoryBuilderImpl.java:1225)
	at org.hibernate.jpa.boot.internal.EntityManagerFactoryBuilderImpl.access$600(EntityManagerFactoryBuilderImpl.java:119)
	at org.hibernate.jpa.boot.internal.EntityManagerFactoryBuilderImpl$4.perform(EntityManagerFactoryBuilderImpl.java:853)
	at org.hibernate.jpa.boot.internal.EntityManagerFactoryBuilderImpl$4.perform(EntityManagerFactoryBuilderImpl.java:843)
	at org.hibernate.boot.registry.classloading.internal.ClassLoaderServiceImpl.withTccl(ClassLoaderServiceImpl.java:398)
	at org.hibernate.jpa.boot.internal.EntityManagerFactoryBuilderImpl.build(EntityManagerFactoryBuilderImpl.java:842)
	at org.springframework.orm.jpa.vendor.SpringHibernateJpaPersistenceProvider.createContainerEntityManagerFactory(SpringHibernateJpaPersistenceProvider.java:60)
	at org.springframework.orm.jpa.LocalContainerEntityManagerFactoryBean.createNativeEntityManagerFactory(LocalContainerEntityManagerFactoryBean.java:353)
	at org.springframework.orm.jpa.AbstractEntityManagerFactoryBean.buildNativeEntityManagerFactory(AbstractEntityManagerFactoryBean.java:373)
	at org.springframework.orm.jpa.AbstractEntityManagerFactoryBean.afterPropertiesSet(AbstractEntityManagerFactoryBean.java:362)
	at org.springframework.beans.factory.support.AbstractAutowireCapableBeanFactory.invokeInitMethods(AbstractAutowireCapableBeanFactory.java:1687)
	at org.springframework.beans.factory.support.AbstractAutowireCapableBeanFactory.initializeBean(AbstractAutowireCapableBeanFactory.java:1624)
	... 21 more
Caused by: org.hibernate.AnnotationException: @OneToOne or @ManyToOne on com.cioclass.domain.or.ORRetroactiveInfo.traceType references an unknown entity: java.lang.Integer
	at org.hibernate.cfg.ToOneFkSecondPass.doSecondPass(ToOneFkSecondPass.java:109)
	at org.hibernate.cfg.Configuration.processEndOfQueue(Configuration.java:1596)
	at org.hibernate.cfg.Configuration.processFkSecondPassInOrder(Configuration.java:1519)
	at org.hibernate.cfg.Configuration.secondPassCompile(Configuration.java:1420)
	at org.hibernate.cfg.Configuration.buildSessionFactory(Configuration.java:1844)
	at org.hibernate.jpa.boot.internal.EntityManagerFactoryBuilderImpl$4.perform(EntityManagerFactoryBuilderImpl.java:850)
	... 30 more
10:24:01 - Root WebApplicationContext: initialization started
10:24:01 - Refreshing Root WebApplicationContext: startup date [Fri Dec 08 10:24:01 CST 2017]; root of context hierarchy
10:24:02 - Loading XML bean definitions from class path resource [beans.xml]
10:24:05 - Loading XML bean definitions from class path resource [mvc_security.xml]
10:24:05 - You are running with Spring Security Core 4.2.3.RELEASE
10:24:05 - **** You are advised to use Spring 4.3.9.RELEASE or later with this version. You are running: 4.3.6.RELEASE
10:24:05 - Spring Security 'config' module version is 4.2.3.RELEASE
10:24:06 - Creating access control expression attribute 'hasRole('ROLE_USER')' for /upload
10:24:06 - Creating access control expression attribute 'hasRole('ROLE_USER')' for /admin/**
10:24:06 - No login page configured. The default internal one will be used. Use the 'login-page' attribute to set the URL of the login page.
10:24:06 - Checking sorted filter chain: [Root bean: class [org.springframework.security.web.context.SecurityContextPersistenceFilter]; scope=; abstract=false; lazyInit=false; autowireMode=0; dependencyCheck=0; autowireCandidate=true; primary=false; factoryBeanName=null; factoryMethodName=null; initMethodName=null; destroyMethodName=null, order = 200, Root bean: class [org.springframework.security.web.context.request.async.WebAsyncManagerIntegrationFilter]; scope=; abstract=false; lazyInit=false; autowireMode=0; dependencyCheck=0; autowireCandidate=true; primary=false; factoryBeanName=null; factoryMethodName=null; initMethodName=null; destroyMethodName=null, order = 400, Root bean: class [org.springframework.security.web.header.HeaderWriterFilter]; scope=; abstract=false; lazyInit=false; autowireMode=0; dependencyCheck=0; autowireCandidate=true; primary=false; factoryBeanName=null; factoryMethodName=null; initMethodName=null; destroyMethodName=null, order = 500, Root bean: class [org.springframework.security.web.authentication.logout.LogoutFilter]; scope=; abstract=false; lazyInit=false; autowireMode=0; dependencyCheck=0; autowireCandidate=true; primary=false; factoryBeanName=null; factoryMethodName=null; initMethodName=null; destroyMethodName=null, order = 800, <org.springframework.security.web.authentication.UsernamePasswordAuthenticationFilter#0>, order = 1200, Root bean: class [org.springframework.security.web.authentication.ui.DefaultLoginPageGeneratingFilter]; scope=; abstract=false; lazyInit=false; autowireMode=0; dependencyCheck=0; autowireCandidate=true; primary=false; factoryBeanName=null; factoryMethodName=null; initMethodName=null; destroyMethodName=null, order = 1400, Root bean: class [org.springframework.security.web.authentication.www.BasicAuthenticationFilter]; scope=; abstract=false; lazyInit=false; autowireMode=0; dependencyCheck=0; autowireCandidate=true; primary=false; factoryBeanName=null; factoryMethodName=null; initMethodName=null; destroyMethodName=null, order = 1600, Root bean: class [org.springframework.security.web.savedrequest.RequestCacheAwareFilter]; scope=; abstract=false; lazyInit=false; autowireMode=0; dependencyCheck=0; autowireCandidate=true; primary=false; factoryBeanName=null; factoryMethodName=null; initMethodName=null; destroyMethodName=null, order = 1700, Root bean: class [null]; scope=; abstract=false; lazyInit=false; autowireMode=0; dependencyCheck=0; autowireCandidate=true; primary=false; factoryBeanName=org.springframework.security.config.http.HttpConfigurationBuilder$SecurityContextHolderAwareRequestFilterBeanFactory#0; factoryMethodName=getBean; initMethodName=null; destroyMethodName=null, order = 1800, Root bean: class [org.springframework.security.web.authentication.AnonymousAuthenticationFilter]; scope=; abstract=false; lazyInit=false; autowireMode=0; dependencyCheck=0; autowireCandidate=true; primary=false; factoryBeanName=null; factoryMethodName=null; initMethodName=null; destroyMethodName=null, order = 2100, Root bean: class [org.springframework.security.web.session.SessionManagementFilter]; scope=; abstract=false; lazyInit=false; autowireMode=0; dependencyCheck=0; autowireCandidate=true; primary=false; factoryBeanName=null; factoryMethodName=null; initMethodName=null; destroyMethodName=null, order = 2200, Root bean: class [org.springframework.security.web.access.ExceptionTranslationFilter]; scope=; abstract=false; lazyInit=false; autowireMode=0; dependencyCheck=0; autowireCandidate=true; primary=false; factoryBeanName=null; factoryMethodName=null; initMethodName=null; destroyMethodName=null, order = 2300, <org.springframework.security.web.access.intercept.FilterSecurityInterceptor#0>, order = 2400]
10:24:06 - Loading XML bean definitions from class path resource [spring_redis.xml]
10:24:06 - Loading properties file from class path resource [db.properties]
10:24:08 - Loaded JDBC driver: com.mysql.jdbc.Driver
10:24:09 - Building JPA container EntityManagerFactory for persistence unit 'default'
10:24:09 - HHH000204: Processing PersistenceUnitInfo [
	name: default
	...]
10:24:09 - HHH000412: Hibernate Core {4.3.6.Final}
10:24:09 - HHH000206: hibernate.properties not found
10:24:09 - HHH000021: Bytecode provider name : javassist
10:24:10 - HCANN000001: Hibernate Commons Annotations {5.0.1.Final}
10:24:11 - HHH000400: Using dialect: org.hibernate.dialect.MySQL5InnoDBDialect
10:24:12 - HHH000397: Using ASTQueryTranslatorFactory
10:24:14 - HHH000228: Running hbm2ddl schema update
10:24:14 - HHH000102: Fetching database metadata
10:24:14 - HHH000396: Updating schema
10:24:14 - HHH000262: Table not found: batch_inspection
10:24:14 - HHH000262: Table not found: batch_process
10:24:14 - HHH000262: Table not found: batch_retroactive
10:24:15 - HHH000261: Table found: spring_data.bole
10:24:15 - HHH000037: Columns: [last_update_time, education, flag, create_time, phone, name, remark, id, lastupdate_time, experience, email, direction]
10:24:15 - HHH000108: Foreign keys: []
10:24:15 - HHH000126: Indexes: [primary]
10:24:15 - HHH000261: Table found: spring_data.exercise
10:24:15 - HHH000037: Columns: [last_update_time, imgurl, flag, create_time, img_url, publishdate, remark, id, lastupdate_time, title, publish_date, url]
10:24:15 - HHH000108: Foreign keys: []
10:24:15 - HHH000126: Indexes: [primary]
10:24:15 - HHH000261: Table found: spring_data.jsoup_links
10:24:15 - HHH000037: Columns: [create_time, domain, remark, id, text, title, url, domain_text]
10:24:15 - HHH000108: Foreign keys: []
10:24:15 - HHH000126: Indexes: [primary]
10:24:15 - HHH000261: Table found: spring_data.km_attach
10:24:15 - HHH000037: Columns: [fname, ftype, created, fkey, id, author_id]
10:24:15 - HHH000108: Foreign keys: []
10:24:15 - HHH000126: Indexes: [primary]
10:24:15 - HHH000261: Table found: spring_data.km_comments
10:24:15 - HHH000037: Columns: [parent, agent, mail, author, created, owner_id, ip, coid, type, content, url, author_id, cid, status]
10:24:15 - HHH000108: Foreign keys: []
10:24:15 - HHH000126: Indexes: [primary]
10:24:15 - HHH000261: Table found: spring_data.km_contents
10:24:15 - HHH000037: Columns: [allow_comment, created, comments_num, title, type, allow_ping, content, fmt_type, tags, hits, allow_feed, modified, categories, author_id, thumb_img, slug, cid, status]
10:24:15 - HHH000108: Foreign keys: []
10:24:15 - HHH000126: Indexes: [primary]
10:24:15 - HHH000261: Table found: spring_data.km_logs
10:24:15 - HHH000037: Columns: [data, created, ip, action, id, author_id]
10:24:15 - HHH000108: Foreign keys: []
10:24:15 - HHH000126: Indexes: [primary]
10:24:15 - HHH000261: Table found: spring_data.km_metas
10:24:15 - HHH000037: Columns: [parent, name, mid, description, sort, type, slug]
10:24:15 - HHH000108: Foreign keys: []
10:24:15 - HHH000126: Indexes: [primary]
10:24:15 - HHH000261: Table found: spring_data.km_options
10:24:15 - HHH000037: Columns: [name, description, id, value]
10:24:15 - HHH000108: Foreign keys: []
10:24:15 - HHH000126: Indexes: [primary]
10:24:15 - HHH000261: Table found: spring_data.km_relationships
10:24:15 - HHH000037: Columns: [mid, id, cid]
10:24:15 - HHH000108: Foreign keys: []
10:24:15 - HHH000126: Indexes: [primary]
10:24:15 - HHH000261: Table found: spring_data.km_users
10:24:15 - HHH000037: Columns: [uid, password, group_name, home_url, logged, screen_name, created, email, activated, username]
10:24:15 - HHH000108: Foreign keys: []
10:24:15 - HHH000126: Indexes: [primary]
10:24:15 - HHH000261: Table found: spring_data.lecturer
10:24:15 - HHH000037: Columns: [last_update_time, education, flag, create_time, phone, name, remark, id, lastupdate_time, experience, email, direction]
10:24:15 - HHH000108: Foreign keys: []
10:24:15 - HHH000126: Indexes: [primary]
10:24:15 - HHH000261: Table found: spring_data.mall_cart
10:24:15 - HHH000037: Columns: [update_time, quantity, create_time, user_id, product_id, checked, id]
10:24:15 - HHH000108: Foreign keys: []
10:24:15 - HHH000126: Indexes: [primary]
10:24:15 - HHH000261: Table found: spring_data.mall_category
10:24:15 - HHH000037: Columns: [update_time, create_time, parent_id, name, id, sort_order, status]
10:24:15 - HHH000108: Foreign keys: []
10:24:15 - HHH000126: Indexes: [primary]
10:24:15 - HHH000261: Table found: spring_data.mall_order
10:24:15 - HHH000037: Columns: [order_no, shipping_id, create_time, payment_time, end_time, close_time, postage, payment_type, update_time, send_time, user_id, payment, id, status]
10:24:15 - HHH000108: Foreign keys: []
10:24:15 - HHH000126: Indexes: [primary]
10:24:15 - HHH000261: Table found: spring_data.mall_order_item
10:24:15 - HHH000037: Columns: [current_unit_price, order_no, update_time, quantity, create_time, total_price, user_id, product_image, product_id, id, product_name]
10:24:15 - HHH000108: Foreign keys: []
10:24:15 - HHH000126: Indexes: [primary]
10:24:15 - HHH000261: Table found: spring_data.mall_pay_info
10:24:15 - HHH000037: Columns: [order_no, update_time, pay_platform, create_time, user_id, platform_number, id, platform_status]
10:24:15 - HHH000108: Foreign keys: []
10:24:15 - HHH000126: Indexes: [primary]
10:24:15 - HHH000261: Table found: spring_data.mall_product
10:24:15 - HHH000037: Columns: [update_time, category_id, create_time, sub_images, main_image, price, subtitle, name, id, detail, stock, status]
10:24:15 - HHH000108: Foreign keys: []
10:24:15 - HHH000126: Indexes: [primary]
10:24:15 - HHH000261: Table found: spring_data.mall_shipping
10:24:15 - HHH000037: Columns: [update_time, create_time, receiver_province, receiver_zip, user_id, receiver_city, receiver_district, receiver_address, receiver_name, id, receiver_phone, receiver_mobile]
10:24:15 - HHH000108: Foreign keys: []
10:24:15 - HHH000126: Indexes: [primary]
10:24:15 - HHH000261: Table found: spring_data.mall_user
10:24:15 - HHH000037: Columns: [password, update_time, role, answer, create_time, question, phone, id, email, username]
10:24:15 - HHH000108: Foreign keys: []
10:24:15 - HHH000126: Indexes: [primary]
10:24:15 - HHH000261: Table found: spring_data.maxima
10:24:15 - HHH000037: Columns: [last_update_time, education, flag, create_time, phone, name, remark, id, lastupdate_time, experience, email, direction]
10:24:15 - HHH000108: Foreign keys: []
10:24:15 - HHH000126: Indexes: [primary]
10:24:15 - HHH000261: Table found: spring_data.menu
10:24:15 - HHH000037: Columns: [parent_name, parentname, icon, ordernum, type, url, parentid, parent_id, name, menuid, perms, id, order_num, menu_id, open]
10:24:15 - HHH000108: Foreign keys: []
10:24:15 - HHH000126: Indexes: [primary]
10:24:15 - HHH000261: Table found: spring_data.note_tickler
10:24:15 - HHH000037: Columns: [create_time, tickler_id, title, content]
10:24:15 - HHH000108: Foreign keys: []
10:24:15 - HHH000126: Indexes: [primary]
10:24:15 - HHH000262: Table not found: orbatch_info
10:24:15 - HHH000262: Table not found: orbatch_sub
10:24:15 - HHH000262: Table not found: orcompany
10:24:15 - HHH000262: Table not found: orinspection_info
10:24:15 - HHH000262: Table not found: orprocess_log
10:24:15 - HHH000262: Table not found: orproduct
10:24:15 - HHH000262: Table not found: orretroactive_info
10:24:15 - HHH000262: Table not found: orsearch
10:24:15 - HHH000262: Table not found: qrcode_builder4xsentity
10:24:15 - HHH000261: Table found: spring_data.recruit
10:24:15 - HHH000037: Columns: [requirements, flag, create_time, remark, auditing, lastupdate_time, salary, linkman, last_update_time, phone, companyname, company_name, station, id, email]
10:24:15 - HHH000108: Foreign keys: []
10:24:15 - HHH000126: Indexes: [primary]
10:24:15 - HHH000261: Table found: spring_data.shop_goods
10:24:15 - HHH000037: Columns: [goods_name, goods_id]
10:24:15 - HHH000108: Foreign keys: []
10:24:15 - HHH000126: Indexes: [primary]
10:24:15 - HHH000261: Table found: spring_data.shop_goods_catalog
10:24:15 - HHH000037: Columns: [catalog_id, catalog_name, pid]
10:24:15 - HHH000108: Foreign keys: []
10:24:15 - HHH000126: Indexes: [primary]
10:24:15 - HHH000261: Table found: spring_data.shop_goods_property
10:24:15 - HHH000037: Columns: [prop_id, length, pid, type, prop_desc, property_name]
10:24:15 - HHH000108: Foreign keys: []
10:24:15 - HHH000126: Indexes: [primary]
10:24:15 - HHH000261: Table found: spring_data.shop_goods_property_condition
10:24:15 - HHH000037: Columns: [condition_str, condition_name, condition_id]
10:24:15 - HHH000108: Foreign keys: []
10:24:15 - HHH000126: Indexes: [primary]
10:24:15 - HHH000261: Table found: spring_data.shop_goods_property_value
10:24:15 - HHH000037: Columns: [catalog_id, prop_id, nid, goods_id, value]
10:24:15 - HHH000108: Foreign keys: [fk_aq3p9hnq6x7n1hrb9xulxd8sr, fk_osahi002qauqin44gb96kxj91, fk_6q7nb5jufvimrjdinr5mmcfhh]
10:24:15 - HHH000126: Indexes: [fk_aq3p9hnq6x7n1hrb9xulxd8sr, fk_6q7nb5jufvimrjdinr5mmcfhh, primary]
10:24:15 - HHH000261: Table found: spring_data.sys_acl
10:24:15 - HHH000037: Columns: [code, acl_module_id, name, remark, id, type, operator, seq, url, operate_ip, operate_time, status]
10:24:15 - HHH000108: Foreign keys: []
10:24:15 - HHH000126: Indexes: [primary]
10:24:15 - HHH000261: Table found: spring_data.sys_acl_module
10:24:15 - HHH000037: Columns: [level, parent_id, name, remark, id, operator, seq, operate_ip, operate_time, status]
10:24:15 - HHH000108: Foreign keys: []
10:24:15 - HHH000126: Indexes: [primary]
10:24:15 - HHH000261: Table found: spring_data.sys_dept
10:24:15 - HHH000037: Columns: [level, parent_id, name, remark, id, operator, seq, operate_ip, operate_time]
10:24:15 - HHH000108: Foreign keys: []
10:24:15 - HHH000126: Indexes: [primary]
10:24:15 - HHH000261: Table found: spring_data.sys_log
10:24:15 - HHH000037: Columns: [target_id, id, type, operator, operate_ip, operate_time, status]
10:24:15 - HHH000108: Foreign keys: []
10:24:15 - HHH000126: Indexes: [primary]
10:24:15 - HHH000261: Table found: spring_data.sys_role
10:24:15 - HHH000037: Columns: [name, remark, id, type, operator, operate_ip, operate_time, status]
10:24:15 - HHH000108: Foreign keys: []
10:24:15 - HHH000126: Indexes: [primary]
10:24:15 - HHH000261: Table found: spring_data.sys_role_acl
10:24:15 - HHH000037: Columns: [role_id, id, acl_id, operator, operate_ip, operate_time]
10:24:15 - HHH000108: Foreign keys: []
10:24:15 - HHH000126: Indexes: [primary]
10:24:15 - HHH000261: Table found: spring_data.sys_role_user
10:24:15 - HHH000037: Columns: [role_id, user_id, id, operator, operate_ip, operate_time]
10:24:15 - HHH000108: Foreign keys: []
10:24:15 - HHH000126: Indexes: [primary]
10:24:15 - HHH000261: Table found: spring_data.sys_user
10:24:15 - HHH000037: Columns: [password, mail, remark, telephone, id, dept_id, operator, operate_ip, operate_time, status, username]
10:24:15 - HHH000108: Foreign keys: []
10:24:15 - HHH000126: Indexes: [primary]
10:24:15 - HHH000261: Table found: spring_data.trainee
10:24:15 - HHH000037: Columns: [last_update_time, education, flag, create_time, phone, name, remark, id, lastupdate_time, experience, email, direction]
10:24:15 - HHH000108: Foreign keys: []
10:24:15 - HHH000126: Indexes: [primary]
10:24:15 - HHH000261: Table found: spring_data.user
10:24:15 - HHH000037: Columns: [last_update_time, password, flag, answer, create_time, question, phone, name, remark, id, email]
10:24:15 - HHH000108: Foreign keys: []
10:24:15 - HHH000126: Indexes: [primary]
10:24:15 - HHH000261: Table found: spring_data.xx_attribute
10:24:15 - HHH000037: Columns: [attr_desc, check_user_id, attr_checked, length, pid, remark, type, update_date, attr_id, attr_level, name, make_user_id, short_name, create_date]
10:24:15 - HHH000108: Foreign keys: []
10:24:15 - HHH000126: Indexes: [primary]
10:24:15 - HHH000261: Table found: spring_data.xx_attribute_value
10:24:15 - HHH000037: Columns: [score, attrid, classify_id, res_id, value_id, value, resid, attr_id]
10:24:15 - HHH000108: Foreign keys: []
10:24:15 - HHH000126: Indexes: [primary]
10:24:15 - HHH000261: Table found: spring_data.xx_classify
10:24:15 - HHH000037: Columns: [classify_status, check_user_id, classify_id, classify_level, pid, remark, update_date, classify_checked, classify_option, classify_desc, name, make_user_id, short_name, create_date]
10:24:15 - HHH000108: Foreign keys: []
10:24:15 - HHH000126: Indexes: [primary]
10:24:15 - HHH000261: Table found: spring_data.xx_demand
10:24:15 - HHH000037: Columns: [demand_id, name]
10:24:15 - HHH000108: Foreign keys: []
10:24:15 - HHH000126: Indexes: [primary]
10:24:15 - HHH000261: Table found: spring_data.xx_question
10:24:15 - HHH000037: Columns: [id, question_des]
10:24:15 - HHH000108: Foreign keys: []
10:24:15 - HHH000126: Indexes: [primary]
10:24:15 - HHH000261: Table found: spring_data.xx_question_item
10:24:15 - HHH000037: Columns: [item_desc, question, id, item_value]
10:24:15 - HHH000108: Foreign keys: [fk_ljngho2cn3h57rifqic2aq95j]
10:24:15 - HHH000126: Indexes: [fk_ljngho2cn3h57rifqic2aq95j, primary]
10:24:15 - HHH000261: Table found: spring_data.xx_res
10:24:15 - HHH000037: Columns: [res_desc, check_user_id, res_checked, res_id, name, res_status, make_user_id, short_name, remark, create_date, update_date, res_level]
10:24:15 - HHH000108: Foreign keys: []
10:24:15 - HHH000126: Indexes: [primary]
10:24:15 - HHH000261: Table found: spring_data.xx_res_attrs
10:24:15 - HHH000037: Columns: [id, xx_res, attrs]
10:24:15 - HHH000108: Foreign keys: []
10:24:15 - HHH000126: Indexes: [primary]
10:24:15 - HHH000262: Table not found: batch_inspection
10:24:15 - HHH000262: Table not found: batch_process
10:24:15 - HHH000262: Table not found: batch_retroactive
10:24:15 - HHH000262: Table not found: orbatch_info
10:24:15 - HHH000262: Table not found: orbatch_sub
10:24:15 - HHH000262: Table not found: orcompany
10:24:15 - HHH000262: Table not found: orinspection_info
10:24:15 - HHH000262: Table not found: orprocess_log
10:24:15 - HHH000262: Table not found: orproduct
10:24:15 - HHH000262: Table not found: orretroactive_info
10:24:15 - HHH000262: Table not found: orsearch
10:24:15 - HHH000262: Table not found: qrcode_builder4xsentity
10:24:15 - HHH000262: Table not found: batch_inspection
10:24:15 - HHH000262: Table not found: batch_process
10:24:15 - HHH000262: Table not found: batch_retroactive
10:24:15 - HHH000262: Table not found: orbatch_info
10:24:15 - HHH000262: Table not found: orbatch_sub
10:24:15 - HHH000262: Table not found: orcompany
10:24:15 - HHH000262: Table not found: orinspection_info
10:24:15 - HHH000262: Table not found: orprocess_log
10:24:15 - HHH000262: Table not found: orproduct
10:24:15 - HHH000262: Table not found: orretroactive_info
10:24:15 - HHH000262: Table not found: orsearch
10:24:15 - HHH000262: Table not found: qrcode_builder4xsentity
10:24:18 - HHH000232: Schema update complete
10:24:19 - Initialized JPA EntityManagerFactory for persistence unit 'default'
10:24:26 - Creating filter chain: org.springframework.security.web.util.matcher.AnyRequestMatcher@1, [org.springframework.security.web.context.SecurityContextPersistenceFilter@3cd961, org.springframework.security.web.context.request.async.WebAsyncManagerIntegrationFilter@757703, org.springframework.security.web.header.HeaderWriterFilter@103f536, org.springframework.security.web.authentication.logout.LogoutFilter@1e0ae, org.springframework.security.web.authentication.UsernamePasswordAuthenticationFilter@beee54, org.springframework.security.web.authentication.ui.DefaultLoginPageGeneratingFilter@1e4a3f3, org.springframework.security.web.authentication.www.BasicAuthenticationFilter@1260838, org.springframework.security.web.savedrequest.RequestCacheAwareFilter@12c4f0, org.springframework.security.web.servletapi.SecurityContextHolderAwareRequestFilter@217e, org.springframework.security.web.authentication.AnonymousAuthenticationFilter@1b3e4cd, org.springframework.security.web.session.SessionManagementFilter@ef3abf, org.springframework.security.web.access.ExceptionTranslationFilter@325704, org.springframework.security.web.access.intercept.FilterSecurityInterceptor@1b6c037]
10:24:26 - Checking whether login URL '/login' is accessible with your configuration
10:24:27 - Root WebApplicationContext: initialization completed in 25356 ms
10:24:27 - FrameworkServlet 'mvc_dispatcher': initialization started
10:24:27 - Refreshing WebApplicationContext for namespace 'mvc_dispatcher-servlet': startup date [Fri Dec 08 10:24:27 CST 2017]; parent: Root WebApplicationContext
10:24:27 - Loading XML bean definitions from class path resource [mvc_dispatcher.xml]
10:24:29 - Mapped URL path [/**] onto handler 'org.springframework.web.servlet.resource.ResourceHttpRequestHandler#0'
10:24:29 - Mapped URL path [/**] onto handler 'org.springframework.web.servlet.resource.DefaultServletHttpRequestHandler#0'
10:24:29 - Mapped "{[/admin/{path}],methods=[GET]}" onto public java.lang.String com.cioclass.controller.admin.AdminController.base(java.lang.String)
10:24:29 - Mapped "{[/admin/or],methods=[POST]}" onto public org.springframework.web.servlet.ModelAndView com.cioclass.controller.admin.AdminController.orXiaShang(int,int,java.lang.String,javax.servlet.http.HttpServletRequest)
10:24:29 - Mapped "{[/addBole],methods=[POST]}" onto public java.lang.String com.cioclass.controller.BoleController.addBole(com.cioclass.domain.Bole)
10:24:29 - Mapped "{[/delBoleById],methods=[GET]}" onto public java.lang.String com.cioclass.controller.BoleController.delBoleById(java.lang.Integer)
10:24:29 - Mapped "{[/getBoleById],methods=[GET]}" onto public java.lang.String com.cioclass.controller.BoleController.getBoleById(java.lang.Integer)
10:24:29 - Mapped "{[/getBolePage],methods=[GET]}" onto public java.lang.String com.cioclass.controller.BoleController.getBolePage(int,int)
10:24:29 - Mapped "{[/getBole],methods=[GET]}" onto public java.lang.String com.cioclass.controller.BoleController.getBole()
10:24:29 - Mapped "{[/],methods=[GET]}" onto public java.lang.String com.cioclass.controller.ControllerTest.index()
10:24:29 - Mapped "{[/{path}],methods=[GET]}" onto public java.lang.String com.cioclass.controller.ControllerTest.base(java.lang.String)
10:24:29 - Mapped "{[/test/{path}],methods=[GET]}" onto public java.lang.String com.cioclass.controller.ControllerTest.test(java.lang.String)
10:24:29 - Mapped "{[/login],methods=[GET]}" onto public org.springframework.web.servlet.ModelAndView com.cioclass.controller.ControllerTest.login(java.lang.String,java.lang.String)
10:24:29 - Mapped "{[/logout],methods=[GET]}" onto public org.springframework.web.servlet.ModelAndView com.cioclass.controller.ControllerTest.logout(javax.servlet.http.HttpServletRequest,javax.servlet.http.HttpServletResponse)
10:24:29 - Mapped "{[/sql],methods=[GET]}" onto public java.lang.String com.cioclass.controller.ControllerTest.sql(java.lang.String,java.lang.String,java.lang.String)
10:24:29 - Mapped "{[/getExercisePage],methods=[GET]}" onto public java.lang.String com.cioclass.controller.ExerciseController.getBolePage(int,int)
10:24:29 - Mapped "{[/addExercise],methods=[POST]}" onto public java.lang.String com.cioclass.controller.ExerciseController.addExercise(com.cioclass.domain.Exercise)
10:24:29 - Mapped "{[/delExerciseById],methods=[GET]}" onto public java.lang.String com.cioclass.controller.ExerciseController.delExerciseById(java.lang.Integer)
10:24:29 - Mapped "{[/getExerciseById],methods=[GET]}" onto public java.lang.String com.cioclass.controller.ExerciseController.getExerciseById(java.lang.Integer)
10:24:29 - Mapped "{[/getExercise],methods=[GET]}" onto public java.lang.String com.cioclass.controller.ExerciseController.getExercise()
10:24:29 - Mapped "{[/fileUpload],methods=[POST]}" onto public java.lang.String com.cioclass.controller.FileController.fileUpload(javax.servlet.http.HttpServletRequest,org.springframework.web.multipart.MultipartFile)
10:24:29 - Mapped "{[/filesUpload],methods=[POST]}" onto public java.lang.String com.cioclass.controller.FileController.fileUploads(javax.servlet.http.HttpServletRequest,org.springframework.web.multipart.MultipartFile[])
10:24:29 - Mapped "{[/zx/{path}],methods=[GET]}" onto public java.lang.String com.cioclass.controller.jsoup.JsoupController.base(java.lang.String)
10:24:29 - Mapped "{[/zx/getPage],methods=[GET]}" onto public java.lang.String com.cioclass.controller.jsoup.JsoupLinksController.getPage(int,int)
10:24:29 - Mapped "{[/zx/getLinkById],methods=[GET]}" onto public java.lang.String com.cioclass.controller.jsoup.JsoupLinksController.getLinkById(java.lang.Integer)
10:24:29 - Mapped "{[/zx/updateTitle],methods=[GET]}" onto public java.lang.String com.cioclass.controller.jsoup.JsoupLinksController.updateTitle()
10:24:29 - Mapped "{[/zx/searchLinks],methods=[GET]}" onto public java.lang.String com.cioclass.controller.jsoup.JsoupLinksController.addLinks(java.lang.String)
10:24:29 - Mapped "{[/zx/saveLink],methods=[POST]}" onto public java.lang.String com.cioclass.controller.jsoup.JsoupLinksController.saveLink(com.cioclass.domain.jsoup.JsoupLinks)
10:24:29 - Mapped "{[/zx/delById],methods=[GET]}" onto public java.lang.String com.cioclass.controller.jsoup.JsoupLinksController.delById(java.lang.Integer)
10:24:29 - Mapped "{[/addLecturer],methods=[POST]}" onto public java.lang.String com.cioclass.controller.LecturerController.addLecturer(com.cioclass.domain.Lecturer)
10:24:29 - Mapped "{[/delLecturerById],methods=[GET]}" onto public java.lang.String com.cioclass.controller.LecturerController.delLecturerById(java.lang.Integer)
10:24:29 - Mapped "{[/getLecturerById],methods=[GET]}" onto public java.lang.String com.cioclass.controller.LecturerController.getLecturerById(java.lang.Integer)
10:24:29 - Mapped "{[/getLecturer],methods=[GET]}" onto public java.lang.String com.cioclass.controller.LecturerController.getLecturer()
10:24:29 - Mapped "{[/getLecturerPage],methods=[GET]}" onto public java.lang.String com.cioclass.controller.LecturerController.getLecturerPage(int,int)
10:24:29 - Mapped "{[/addMaxima_c],methods=[POST]}" onto public java.lang.String com.cioclass.controller.MaximaController.addMaxima_c(com.cioclass.domain.Maxima)
10:24:29 - Mapped "{[/addMaxima_z],methods=[POST]}" onto public java.lang.String com.cioclass.controller.MaximaController.addMaxima_z(com.cioclass.domain.Maxima)
10:24:29 - Mapped "{[/addMaxima_g],methods=[POST]}" onto public java.lang.String com.cioclass.controller.MaximaController.addMaxima_g(com.cioclass.domain.Maxima)
10:24:29 - Mapped "{[/delMaximaById],methods=[GET]}" onto public java.lang.String com.cioclass.controller.MaximaController.delMaximaById(java.lang.Integer)
10:24:29 - Mapped "{[/getMaximaById],methods=[GET]}" onto public java.lang.String com.cioclass.controller.MaximaController.getMaximaById(java.lang.Integer)
10:24:29 - Mapped "{[/getMaxima],methods=[GET]}" onto public java.lang.String com.cioclass.controller.MaximaController.getMaxima()
10:24:29 - Mapped "{[/getMaximaPage],methods=[GET]}" onto public java.lang.String com.cioclass.controller.MaximaController.getMaximaPage(int,int)
10:24:29 - Mapped "{[/getMaximaPageSub],methods=[GET]}" onto public java.lang.String com.cioclass.controller.MaximaController.getMaximaPageSub(int,int,java.lang.String)
10:24:29 - Mapped "{[/note/{path}],methods=[GET]}" onto public java.lang.String com.cioclass.controller.note.NoteController.noteBase(java.lang.String)
10:24:29 - Mapped "{[/note/addTickler],methods=[POST]}" onto public java.lang.String com.cioclass.controller.note.TicklerController.addTickler(com.cioclass.domain.note.Tickler)
10:24:29 - Mapped "{[/note/getTicklerById],methods=[GET]}" onto public java.lang.String com.cioclass.controller.note.TicklerController.getTicklerById(java.lang.Integer)
10:24:29 - Mapped "{[/note/getTickler],methods=[GET]}" onto public java.lang.String com.cioclass.controller.note.TicklerController.getTickler()
10:24:29 - Mapped "{[/note/getTicklerPage],methods=[GET]}" onto public java.lang.String com.cioclass.controller.note.TicklerController.getTicklerPage(int,int)
10:24:29 - Mapped "{[/note/delTicklerById],methods=[GET]}" onto public java.lang.String com.cioclass.controller.note.TicklerController.delGoodsById(java.lang.Integer)
10:24:29 - Mapped "{[/or/batchInfo/add],methods=[POST]}" onto public java.lang.String com.cioclass.controller.or.OrBatchInfoController.add(com.cioclass.domain.or.ORBatchInfo)
10:24:29 - Mapped "{[/or/batchInfo/findCompanysByBatchNumber],methods=[GET]}" onto public java.lang.String com.cioclass.controller.or.OrBatchInfoController.findCompanysByBatchNumber(java.lang.String)
10:24:29 - Mapped "{[/or/batchInfo/{id}],methods=[GET]}" onto public java.lang.String com.cioclass.controller.or.OrBatchInfoController.getBatchInfoById(java.lang.Integer)
10:24:29 - Mapped "{[/or/batchInfo/getBatchInfoPage],methods=[GET]}" onto public java.lang.String com.cioclass.controller.or.OrBatchInfoController.getBatchInfoPage(int,int)
10:24:29 - Mapped "{[/or/batchInfo/findRetroactiveInfoTempListById],methods=[GET]}" onto public java.lang.String com.cioclass.controller.or.OrBatchInfoController.findRetroactiveInfoListById(java.lang.Integer)
10:24:29 - Mapped "{[/or/batchInfo/findLogById],methods=[GET]}" onto public java.lang.String com.cioclass.controller.or.OrBatchInfoController.findLogById(java.lang.Integer)
10:24:29 - Mapped "{[/or/batchSub/{id}],methods=[GET]}" onto public java.lang.String com.cioclass.controller.or.OrBatchSubController.getCompanyById(java.lang.Integer)
10:24:29 - Mapped "{[/or/company/{id}],methods=[GET]}" onto public java.lang.String com.cioclass.controller.or.OrCompanyController.getCompanyById(java.lang.Integer)
10:24:29 - Mapped "{[/or/company/deleteById/{id}],methods=[GET]}" onto public java.lang.String com.cioclass.controller.or.OrCompanyController.companyPage(java.lang.Integer)
10:24:29 - Mapped "{[/or/company/companyPage],methods=[GET]}" onto public java.lang.String com.cioclass.controller.or.OrCompanyController.companyPage(int,int)
10:24:29 - Mapped "{[/or/company/saveCompany],methods=[POST]}" onto public java.lang.String com.cioclass.controller.or.OrCompanyController.saveCompany(com.cioclass.domain.or.ORCompany)
10:24:29 - Mapped "{[/or/{path}],methods=[GET]}" onto public org.springframework.web.servlet.ModelAndView com.cioclass.controller.or.OrController.base(java.lang.String,java.lang.Integer)
10:24:29 - Mapped "{[/or/inspection/{id}],methods=[GET]}" onto public java.lang.String com.cioclass.controller.or.OrInspectionInfoController.getInspectionInfoByBatchInfoId(java.lang.Integer)
10:24:29 - Mapped "{[/or/inspection],methods=[GET]}" onto public java.lang.String com.cioclass.controller.or.OrInspectionInfoController.getById(java.lang.Integer)
10:24:29 - Mapped "{[/or/product/findBaseProductByBatchInfoId],methods=[GET]}" onto public java.lang.String com.cioclass.controller.or.OrProductController.findBaseProductByBatchInfoId(java.lang.Integer)
10:24:29 - Mapped "{[/or/product/findRIByPID],methods=[GET]}" onto public java.lang.String com.cioclass.controller.or.OrProductController.findORRetroactiveInfoByProductId(java.lang.Integer)
10:24:29 - Mapped "{[/or/retroactive/{id}],methods=[GET]}" onto public java.lang.String com.cioclass.controller.or.OrRetroactiveInfoController.getCompanyById(java.lang.Integer)
10:24:29 - Mapped "{[/or/search],methods=[GET]}" onto public org.springframework.web.servlet.ModelAndView com.cioclass.controller.or.OrSearchController.base(java.lang.String,java.lang.String,java.lang.String)
10:24:29 - Mapped "{[/or/],methods=[GET]}" onto public org.springframework.web.servlet.ModelAndView com.cioclass.controller.or.OrSearchController.main(java.lang.String,javax.servlet.http.HttpServletRequest,javax.servlet.http.HttpServletResponse)
10:24:29 - Mapped "{[/or/searchOld],methods=[GET]}" onto public org.springframework.web.servlet.ModelAndView com.cioclass.controller.or.OrSearchController.searchOld(java.lang.String,java.lang.String,java.lang.String)
10:24:29 - Mapped "{[/or/searchBrand],methods=[GET]}" onto public org.springframework.web.servlet.ModelAndView com.cioclass.controller.or.OrSearchController.searchBrand(java.lang.Integer,java.lang.Integer)
10:24:30 - Mapped "{[/delRecruitById],methods=[GET]}" onto public java.lang.String com.cioclass.controller.RecruitController.delMaximaById(java.lang.Integer)
10:24:30 - Mapped "{[/addRecruit],methods=[POST]}" onto public java.lang.String com.cioclass.controller.RecruitController.addRecruit(com.cioclass.domain.Recruit)
10:24:30 - Mapped "{[/getRecruit],methods=[GET]}" onto public java.lang.String com.cioclass.controller.RecruitController.getRecruit()
10:24:30 - Mapped "{[/getRecruitById],methods=[GET]}" onto public java.lang.String com.cioclass.controller.RecruitController.getRecruitById(java.lang.Integer)
10:24:30 - Mapped "{[/getRecruitPage],methods=[GET]}" onto public java.lang.String com.cioclass.controller.RecruitController.getRecruitPage(int,int)
10:24:30 - Mapped "{[/shop/getCGPVById],methods=[GET]}" onto public java.lang.String com.cioclass.controller.shop.CatalogGoodsPropertyValueController.getCGPVById(java.lang.Integer)
10:24:30 - Mapped "{[/shop/getCGPVPage],methods=[GET]}" onto public java.lang.String com.cioclass.controller.shop.CatalogGoodsPropertyValueController.getCGPVPage(int,int)
10:24:30 - Mapped "{[/shop/delCGPVById],methods=[GET]}" onto public java.lang.String com.cioclass.controller.shop.CatalogGoodsPropertyValueController.delCGPVById(java.lang.Integer)
10:24:30 - Mapped "{[/shop/getPropsByCatalogId],methods=[GET]}" onto public java.lang.String com.cioclass.controller.shop.CatalogGoodsPropertyValueController.getPropsByCatalogId(java.lang.Integer)
10:24:30 - Mapped "{[/shop/getPropsValueByCatalogId],methods=[GET]}" onto public java.lang.String com.cioclass.controller.shop.CatalogGoodsPropertyValueController.getPropsValueByCatalogId(java.lang.Integer)
10:24:30 - Mapped "{[/shop/getGoodsByCatalogId],methods=[GET]}" onto public java.lang.String com.cioclass.controller.shop.CatalogGoodsPropertyValueController.getGoodsByCatalogId(java.lang.Integer)
10:24:30 - Mapped "{[/shop/addCGPV],methods=[POST]}" onto public java.lang.String com.cioclass.controller.shop.CatalogGoodsPropertyValueController.addCGPV(com.cioclass.domain.shop.CatalogGoodsPropertyValue)
10:24:30 - Mapped "{[/shop/getCGPV],methods=[GET]}" onto public java.lang.String com.cioclass.controller.shop.CatalogGoodsPropertyValueController.getCGPV()
10:24:30 - Mapped "{[/shop/addGoodsProperty],methods=[POST]}" onto public java.lang.String com.cioclass.controller.shop.CatalogPropertyController.addGoodsProperty(com.cioclass.domain.shop.GoodsProperty)
10:24:30 - Mapped "{[/shop/getGoodsProperty],methods=[GET]}" onto public java.lang.String com.cioclass.controller.shop.CatalogPropertyController.getGoodsProperty()
10:24:30 - Mapped "{[/shop/getGoodsPropertyById],methods=[GET]}" onto public java.lang.String com.cioclass.controller.shop.CatalogPropertyController.getGoodsPropertyById(java.lang.Integer)
10:24:30 - Mapped "{[/shop/getGoodsPropertyPage],methods=[GET]}" onto public java.lang.String com.cioclass.controller.shop.CatalogPropertyController.getGoodsPropertyPage(int,int)
10:24:30 - Mapped "{[/shop/getOneGoodsProperty],methods=[GET]}" onto public java.lang.String com.cioclass.controller.shop.CatalogPropertyController.getOneGoodsProperty(java.lang.Integer)
10:24:30 - Mapped "{[/shop/delGoodsPropertyById],methods=[GET]}" onto public java.lang.String com.cioclass.controller.shop.CatalogPropertyController.delGoodsPropertyById(java.lang.Integer)
10:24:30 - Mapped "{[/shop/delGoodsCatalogById],methods=[GET]}" onto public java.lang.String com.cioclass.controller.shop.GoodsCatalogController.delGoodsById(java.lang.Integer)
10:24:30 - Mapped "{[/shop/addcatalog],methods=[POST]}" onto public java.lang.String com.cioclass.controller.shop.GoodsCatalogController.addcatalog(com.cioclass.domain.shop.GoodsCatalog)
10:24:30 - Mapped "{[/shop/getGoodsCatalog],methods=[GET]}" onto public java.lang.String com.cioclass.controller.shop.GoodsCatalogController.getGoodsCatalog()
10:24:30 - Mapped "{[/shop/getGoodsCatalogById],methods=[GET]}" onto public java.lang.String com.cioclass.controller.shop.GoodsCatalogController.getGoodsCatalogById(java.lang.Integer)
10:24:30 - Mapped "{[/shop/getGoodsCatalogPage],methods=[GET]}" onto public java.lang.String com.cioclass.controller.shop.GoodsCatalogController.getGoodsCatalogPage(int,int)
10:24:30 - Mapped "{[/shop/getOneGoodsCatalog],methods=[GET]}" onto public java.lang.String com.cioclass.controller.shop.GoodsCatalogController.getOneGoodsCatalog(java.lang.Integer)
10:24:30 - Mapped "{[/shop/delGoodsById],methods=[GET]}" onto public java.lang.String com.cioclass.controller.shop.GoodsController.delGoodsById(java.lang.Integer)
10:24:30 - Mapped "{[/shop/getGoodsById],methods=[GET]}" onto public java.lang.String com.cioclass.controller.shop.GoodsController.getGoodsById(java.lang.Integer)
10:24:30 - Mapped "{[/shop/getGoodsPage],methods=[GET]}" onto public java.lang.String com.cioclass.controller.shop.GoodsController.getGoodsPage(int,int)
10:24:30 - Mapped "{[/shop/getOneGoods],methods=[GET]}" onto public java.lang.String com.cioclass.controller.shop.GoodsController.getOneGoodsCatalog(java.lang.Integer)
10:24:30 - Mapped "{[/shop/addGoods],methods=[POST]}" onto public java.lang.String com.cioclass.controller.shop.GoodsController.addGoods(com.cioclass.domain.shop.Goods)
10:24:30 - Mapped "{[/shop/getGoods],methods=[GET]}" onto public java.lang.String com.cioclass.controller.shop.GoodsController.getGoods()
10:24:30 - Mapped "{[/shop/{path}],methods=[GET]}" onto public java.lang.String com.cioclass.controller.shop.ShopController.shopBase(java.lang.String)
10:24:30 - Mapped "{[/ss/{path}],methods=[GET]}" onto public java.lang.String com.cioclass.controller.ss.SSDataController.base(java.lang.String)
10:24:30 - Mapped "{[/addTrainee],methods=[POST]}" onto public java.lang.String com.cioclass.controller.TraineeController.addTrainee(com.cioclass.domain.Trainee)
10:24:30 - Mapped "{[/delTraineeById],methods=[GET]}" onto public java.lang.String com.cioclass.controller.TraineeController.delTraineeById(java.lang.Integer)
10:24:30 - Mapped "{[/getTraineeById],methods=[GET]}" onto public java.lang.String com.cioclass.controller.TraineeController.getTraineeById(java.lang.Integer)
10:24:30 - Mapped "{[/getTrainee],methods=[GET]}" onto public java.lang.String com.cioclass.controller.TraineeController.getTrainee()
10:24:30 - Mapped "{[/getTraineePage],methods=[GET]}" onto public java.lang.String com.cioclass.controller.TraineeController.getTraineePage(int,int)
10:24:30 - Mapped "{[/getTraineeAll],methods=[GET]}" onto public java.lang.String com.cioclass.controller.TraineeController.getTraineeAll()
10:24:30 - Mapped "{[/getUserById],methods=[POST]}" onto public java.lang.String com.cioclass.controller.UserController.getUserById(java.lang.Integer)
10:24:30 - Mapped "{[/findRepeat],methods=[GET]}" onto public java.lang.String com.cioclass.controller.UserController.findRepeat(java.lang.String)
10:24:30 - Mapped "{[/findByNameAndPassword],methods=[GET]}" onto public java.lang.String com.cioclass.controller.UserController.findByNameAndPassword(java.lang.String,java.lang.String)
10:24:30 - Mapped "{[/findByEmailAndPassword],methods=[GET]}" onto public java.lang.String com.cioclass.controller.UserController.findByEmailAndPassword(java.lang.String,java.lang.String)
10:24:30 - Mapped "{[/findByPhoneAndPassword],methods=[GET]}" onto public java.lang.String com.cioclass.controller.UserController.findByPhoneAndPassword(java.lang.String,java.lang.String)
10:24:30 - Mapped "{[/addUser],methods=[POST]}" onto public java.lang.String com.cioclass.controller.UserController.addUser(com.cioclass.domain.User)
10:24:30 - Mapped "{[/findAnswerByName],methods=[GET]}" onto public java.lang.String com.cioclass.controller.UserController.findAnswerByName(java.lang.String)
10:24:30 - Mapped "{[/findQuestionByName],methods=[GET]}" onto public java.lang.String com.cioclass.controller.UserController.findQuestionByName(java.lang.String)
10:24:30 - Mapped "{[/findQuestionByEmail],methods=[GET]}" onto public java.lang.String com.cioclass.controller.UserController.findQuestionByEmail(java.lang.String)
10:24:30 - Mapped "{[/findQuestionByPhone],methods=[GET]}" onto public java.lang.String com.cioclass.controller.UserController.findQuestionByPhone(java.lang.String)
10:24:30 - Mapped "{[/findAnswerByEmail],methods=[GET]}" onto public java.lang.String com.cioclass.controller.UserController.findAnswerByEmail(java.lang.String)
10:24:30 - Mapped "{[/findAnswerByPhone],methods=[GET]}" onto public java.lang.String com.cioclass.controller.UserController.findAnswerByPhone(java.lang.String)
10:24:30 - Mapped "{[/xx/attribute/add],methods=[POST]}" onto public java.lang.String com.cioclass.controller.xx.AttributeController.add(com.cioclass.domain.xx.Attribute)
10:24:30 - Mapped "{[/xx/attribute/getPage],methods=[GET]}" onto public java.lang.String com.cioclass.controller.xx.AttributeController.getPage(int,int)
10:24:30 - Mapped "{[/xx/attribute/getById],methods=[GET]}" onto public java.lang.String com.cioclass.controller.xx.AttributeController.getById(java.lang.Integer)
10:24:30 - Mapped "{[/xx/attribute/delById],methods=[GET]}" onto public java.lang.String com.cioclass.controller.xx.AttributeController.delById(java.lang.Integer)
10:24:30 - Mapped "{[/xx/attribute/getList],methods=[GET]}" onto public java.lang.String com.cioclass.controller.xx.AttributeController.getList()
10:24:30 - Mapped "{[/xx/attribute/findByClassifyId],methods=[GET]}" onto public java.lang.String com.cioclass.controller.xx.AttributeController.findByClassifyId(java.lang.Integer)
10:24:30 - Mapped "{[/xx/attributeValue/add],methods=[POST]}" onto public java.lang.String com.cioclass.controller.xx.AttributeValueController.add(com.cioclass.domain.xx.AttributeValue)
10:24:30 - Mapped "{[/xx/attributeValue/getPage],methods=[GET]}" onto public java.lang.String com.cioclass.controller.xx.AttributeValueController.getPage(int,int)
10:24:30 - Mapped "{[/xx/attributeValue/getAttrValues],methods=[GET]}" onto public java.lang.String com.cioclass.controller.xx.AttributeValueController.getAttrValues(java.lang.Integer,java.lang.Integer)
10:24:30 - Mapped "{[/xx/attributeValue/getResByclassifyId],methods=[GET]}" onto public java.lang.String com.cioclass.controller.xx.AttributeValueController.getResByclassifyId(java.lang.Integer)
10:24:30 - Mapped "{[/xx/attributeValue/getResByclassifyId1],methods=[GET]}" onto public java.lang.String com.cioclass.controller.xx.AttributeValueController.getResByclassifyId1(java.lang.Integer)
10:24:30 - Mapped "{[/xx/attributeValue/getById],methods=[GET]}" onto public java.lang.String com.cioclass.controller.xx.AttributeValueController.getById(java.lang.Integer)
10:24:30 - Mapped "{[/xx/attributeValue/delById],methods=[GET]}" onto public java.lang.String com.cioclass.controller.xx.AttributeValueController.delById(java.lang.Integer)
10:24:30 - Mapped "{[/xx/attributeValue/findCan],methods=[GET]}" onto public java.lang.String com.cioclass.controller.xx.AttributeValueController.findCan(java.lang.Integer,java.lang.Integer)
10:24:30 - Mapped "{[/xx/attributeValue/getList],methods=[GET]}" onto public java.lang.String com.cioclass.controller.xx.AttributeValueController.getList()
10:24:30 - Mapped "{[/xx/attributeValue/findAlready],methods=[GET]}" onto public java.lang.String com.cioclass.controller.xx.AttributeValueController.findAlready(java.lang.Integer,java.lang.Integer)
10:24:30 - Mapped "{[/xx/classify/add],methods=[POST]}" onto public java.lang.String com.cioclass.controller.xx.ClassifyController.add(com.cioclass.domain.xx.Classify)
10:24:30 - Mapped "{[/xx/classify/getPage],methods=[GET]}" onto public java.lang.String com.cioclass.controller.xx.ClassifyController.getPage(int,int)
10:24:30 - Mapped "{[/xx/classify/getById],methods=[GET]}" onto public java.lang.String com.cioclass.controller.xx.ClassifyController.getById(java.lang.Integer)
10:24:30 - Mapped "{[/xx/classify/delById],methods=[GET]}" onto public java.lang.String com.cioclass.controller.xx.ClassifyController.delById(java.lang.Integer)
10:24:30 - Mapped "{[/xx/classify/getList],methods=[GET]}" onto public java.lang.String com.cioclass.controller.xx.ClassifyController.getList()
10:24:30 - Mapped "{[/xx/modal/attrModal],methods=[GET]}" onto public java.lang.String com.cioclass.controller.xx.ModalController.attrModal(int,int)
10:24:30 - Mapped "{[/xx/modal/classifyModal],methods=[GET]}" onto public java.lang.String com.cioclass.controller.xx.ModalController.classifyModal(int,int)
10:24:30 - Mapped "{[/xx/modal/resModal],methods=[GET]}" onto public java.lang.String com.cioclass.controller.xx.ModalController.resModal(int,int)
10:24:30 - Mapped "{[/xx/modal/model6],methods=[GET]}" onto public java.lang.String com.cioclass.controller.xx.ModalController.model6(int,int)
10:24:30 - Mapped "{[/xx/modal/model5],methods=[GET]}" onto public java.lang.String com.cioclass.controller.xx.ModalController.model5()
10:24:30 - Mapped "{[/xx/question/getPage],methods=[GET]}" onto public java.lang.String com.cioclass.controller.xx.QuestionController.getPage(int,int)
10:24:30 - Mapped "{[/xx/questionItem/getPage],methods=[GET]}" onto public java.lang.String com.cioclass.controller.xx.QuestionItemController.getPage(int,int)
10:24:30 - Mapped "{[/xx/questionItem/getQuestionById],methods=[GET]}" onto public java.lang.String com.cioclass.controller.xx.QuestionItemController.getQuestionById(java.lang.Integer)
10:24:30 - Mapped "{[/xx/questionItem/getPage2],methods=[GET]}" onto public java.lang.String com.cioclass.controller.xx.QuestionItemController.getPage2(int,int,java.lang.String...)
10:24:30 - Mapped "{[/xx/modal/add],methods=[GET]}" onto public java.lang.String com.cioclass.controller.xx.ResAttributeRelationController.add(com.cioclass.domain.xx.ResAttribute)
10:24:30 - Mapped "{[/xx/modal/deleteById],methods=[GET]}" onto public java.lang.String com.cioclass.controller.xx.ResAttributeRelationController.deelteById(java.lang.Integer)
10:24:30 - Mapped "{[/xx/modal/addByResIdAndAttributeId],methods=[GET]}" onto public java.lang.String com.cioclass.controller.xx.ResAttributeRelationController.addByResIdAndAttributeId(java.lang.Integer,java.lang.Integer)
10:24:30 - Mapped "{[/xx/modal/resAttrRelationModal],methods=[GET]}" onto public java.lang.String com.cioclass.controller.xx.ResAttributeRelationController.resAttrRelationModal(java.lang.String,java.lang.Integer,java.lang.Integer)
10:24:30 - Mapped "{[/xx/modal/resAttrRelationModal1],methods=[GET]}" onto public java.lang.String com.cioclass.controller.xx.ResAttributeRelationController.resAttrRelationModal1(java.lang.String)
10:24:30 - Mapped "{[/xx/modal/deleteByResIdAndAttributeId],methods=[GET]}" onto public java.lang.String com.cioclass.controller.xx.ResAttributeRelationController.deleteByResIdAndAttributeId(java.lang.Integer,java.lang.Integer)
10:24:30 - Mapped "{[/xx/res/add],methods=[POST]}" onto public java.lang.String com.cioclass.controller.xx.ResController.add(com.cioclass.domain.xx.Res)
10:24:30 - Mapped "{[/xx/res/getPage],methods=[GET]}" onto public java.lang.String com.cioclass.controller.xx.ResController.getPage(int,int)
10:24:30 - Mapped "{[/xx/res/getById],methods=[GET]}" onto public java.lang.String com.cioclass.controller.xx.ResController.getById(java.lang.Integer)
10:24:30 - Mapped "{[/xx/res/delById],methods=[GET]}" onto public java.lang.String com.cioclass.controller.xx.ResController.delById(java.lang.Integer)
10:24:30 - Mapped "{[/xx/res/getList],methods=[GET]}" onto public java.lang.String com.cioclass.controller.xx.ResController.getList()
10:24:30 - Mapped "{[/xx/{path}],methods=[GET]}" onto public java.lang.String com.cioclass.controller.xx.XXController.base(java.lang.String,java.lang.Integer)
10:24:31 - Looking for @ControllerAdvice: WebApplicationContext for namespace 'mvc_dispatcher-servlet': startup date [Fri Dec 08 10:24:27 CST 2017]; parent: Root WebApplicationContext
10:24:31 - Looking for @ControllerAdvice: WebApplicationContext for namespace 'mvc_dispatcher-servlet': startup date [Fri Dec 08 10:24:27 CST 2017]; parent: Root WebApplicationContext
10:24:31 - Detected @ExceptionHandler methods in resultExceptionHandler
10:24:31 - FrameworkServlet 'mvc_dispatcher': initialization completed in 4605 ms
10:33:58 - Closing WebApplicationContext for namespace 'mvc_dispatcher-servlet': startup date [Fri Dec 08 10:24:27 CST 2017]; parent: Root WebApplicationContext
10:33:58 - Closing Root WebApplicationContext: startup date [Fri Dec 08 10:24:01 CST 2017]; root of context hierarchy
10:33:58 - Closing JPA EntityManagerFactory for persistence unit 'default'
10:34:15 - Root WebApplicationContext: initialization started
10:34:15 - Refreshing Root WebApplicationContext: startup date [Fri Dec 08 10:34:15 CST 2017]; root of context hierarchy
10:34:15 - Loading XML bean definitions from class path resource [beans.xml]
10:34:19 - Loading XML bean definitions from class path resource [mvc_security.xml]
10:34:19 - You are running with Spring Security Core 4.2.3.RELEASE
10:34:19 - **** You are advised to use Spring 4.3.9.RELEASE or later with this version. You are running: 4.3.6.RELEASE
10:34:19 - Spring Security 'config' module version is 4.2.3.RELEASE
10:34:20 - Creating access control expression attribute 'hasRole('ROLE_USER')' for /upload
10:34:20 - Creating access control expression attribute 'hasRole('ROLE_USER')' for /admin/**
10:34:20 - No login page configured. The default internal one will be used. Use the 'login-page' attribute to set the URL of the login page.
10:34:20 - Checking sorted filter chain: [Root bean: class [org.springframework.security.web.context.SecurityContextPersistenceFilter]; scope=; abstract=false; lazyInit=false; autowireMode=0; dependencyCheck=0; autowireCandidate=true; primary=false; factoryBeanName=null; factoryMethodName=null; initMethodName=null; destroyMethodName=null, order = 200, Root bean: class [org.springframework.security.web.context.request.async.WebAsyncManagerIntegrationFilter]; scope=; abstract=false; lazyInit=false; autowireMode=0; dependencyCheck=0; autowireCandidate=true; primary=false; factoryBeanName=null; factoryMethodName=null; initMethodName=null; destroyMethodName=null, order = 400, Root bean: class [org.springframework.security.web.header.HeaderWriterFilter]; scope=; abstract=false; lazyInit=false; autowireMode=0; dependencyCheck=0; autowireCandidate=true; primary=false; factoryBeanName=null; factoryMethodName=null; initMethodName=null; destroyMethodName=null, order = 500, Root bean: class [org.springframework.security.web.authentication.logout.LogoutFilter]; scope=; abstract=false; lazyInit=false; autowireMode=0; dependencyCheck=0; autowireCandidate=true; primary=false; factoryBeanName=null; factoryMethodName=null; initMethodName=null; destroyMethodName=null, order = 800, <org.springframework.security.web.authentication.UsernamePasswordAuthenticationFilter#0>, order = 1200, Root bean: class [org.springframework.security.web.authentication.ui.DefaultLoginPageGeneratingFilter]; scope=; abstract=false; lazyInit=false; autowireMode=0; dependencyCheck=0; autowireCandidate=true; primary=false; factoryBeanName=null; factoryMethodName=null; initMethodName=null; destroyMethodName=null, order = 1400, Root bean: class [org.springframework.security.web.authentication.www.BasicAuthenticationFilter]; scope=; abstract=false; lazyInit=false; autowireMode=0; dependencyCheck=0; autowireCandidate=true; primary=false; factoryBeanName=null; factoryMethodName=null; initMethodName=null; destroyMethodName=null, order = 1600, Root bean: class [org.springframework.security.web.savedrequest.RequestCacheAwareFilter]; scope=; abstract=false; lazyInit=false; autowireMode=0; dependencyCheck=0; autowireCandidate=true; primary=false; factoryBeanName=null; factoryMethodName=null; initMethodName=null; destroyMethodName=null, order = 1700, Root bean: class [null]; scope=; abstract=false; lazyInit=false; autowireMode=0; dependencyCheck=0; autowireCandidate=true; primary=false; factoryBeanName=org.springframework.security.config.http.HttpConfigurationBuilder$SecurityContextHolderAwareRequestFilterBeanFactory#0; factoryMethodName=getBean; initMethodName=null; destroyMethodName=null, order = 1800, Root bean: class [org.springframework.security.web.authentication.AnonymousAuthenticationFilter]; scope=; abstract=false; lazyInit=false; autowireMode=0; dependencyCheck=0; autowireCandidate=true; primary=false; factoryBeanName=null; factoryMethodName=null; initMethodName=null; destroyMethodName=null, order = 2100, Root bean: class [org.springframework.security.web.session.SessionManagementFilter]; scope=; abstract=false; lazyInit=false; autowireMode=0; dependencyCheck=0; autowireCandidate=true; primary=false; factoryBeanName=null; factoryMethodName=null; initMethodName=null; destroyMethodName=null, order = 2200, Root bean: class [org.springframework.security.web.access.ExceptionTranslationFilter]; scope=; abstract=false; lazyInit=false; autowireMode=0; dependencyCheck=0; autowireCandidate=true; primary=false; factoryBeanName=null; factoryMethodName=null; initMethodName=null; destroyMethodName=null, order = 2300, <org.springframework.security.web.access.intercept.FilterSecurityInterceptor#0>, order = 2400]
10:34:20 - Loading XML bean definitions from class path resource [spring_redis.xml]
10:34:21 - Loading properties file from class path resource [db.properties]
10:34:22 - Loaded JDBC driver: com.mysql.jdbc.Driver
10:34:23 - Building JPA container EntityManagerFactory for persistence unit 'default'
10:34:23 - HHH000204: Processing PersistenceUnitInfo [
	name: default
	...]
10:34:23 - HHH000412: Hibernate Core {4.3.6.Final}
10:34:23 - HHH000206: hibernate.properties not found
10:34:23 - HHH000021: Bytecode provider name : javassist
10:34:24 - HCANN000001: Hibernate Commons Annotations {5.0.1.Final}
10:34:25 - HHH000400: Using dialect: org.hibernate.dialect.MySQL5InnoDBDialect
10:34:26 - HHH000397: Using ASTQueryTranslatorFactory
10:34:27 - Exception encountered during context initialization - cancelling refresh attempt: org.springframework.beans.factory.BeanCreationException: Error creating bean with name 'entityManagerFactory' defined in class path resource [beans.xml]: Invocation of init method failed; nested exception is javax.persistence.PersistenceException: [PersistenceUnit: default] Unable to build Hibernate SessionFactory
10:34:27 - Context initialization failed
org.springframework.beans.factory.BeanCreationException: Error creating bean with name 'entityManagerFactory' defined in class path resource [beans.xml]: Invocation of init method failed; nested exception is javax.persistence.PersistenceException: [PersistenceUnit: default] Unable to build Hibernate SessionFactory
	at org.springframework.beans.factory.support.AbstractAutowireCapableBeanFactory.initializeBean(AbstractAutowireCapableBeanFactory.java:1628)
	at org.springframework.beans.factory.support.AbstractAutowireCapableBeanFactory.doCreateBean(AbstractAutowireCapableBeanFactory.java:555)
	at org.springframework.beans.factory.support.AbstractAutowireCapableBeanFactory.createBean(AbstractAutowireCapableBeanFactory.java:483)
	at org.springframework.beans.factory.support.AbstractBeanFactory$1.getObject(AbstractBeanFactory.java:306)
	at org.springframework.beans.factory.support.DefaultSingletonBeanRegistry.getSingleton(DefaultSingletonBeanRegistry.java:230)
	at org.springframework.beans.factory.support.AbstractBeanFactory.doGetBean(AbstractBeanFactory.java:302)
	at org.springframework.beans.factory.support.AbstractBeanFactory.getBean(AbstractBeanFactory.java:197)
	at org.springframework.context.support.AbstractApplicationContext.getBean(AbstractApplicationContext.java:1081)
	at org.springframework.context.support.AbstractApplicationContext.finishBeanFactoryInitialization(AbstractApplicationContext.java:856)
	at org.springframework.context.support.AbstractApplicationContext.refresh(AbstractApplicationContext.java:542)
	at org.springframework.web.context.ContextLoader.configureAndRefreshWebApplicationContext(ContextLoader.java:444)
	at org.springframework.web.context.ContextLoader.initWebApplicationContext(ContextLoader.java:326)
	at org.springframework.web.context.ContextLoaderListener.contextInitialized(ContextLoaderListener.java:107)
	at org.apache.catalina.core.StandardContext.listenerStart(StandardContext.java:4853)
	at org.apache.catalina.core.StandardContext.startInternal(StandardContext.java:5314)
	at org.apache.catalina.util.LifecycleBase.start(LifecycleBase.java:145)
	at org.apache.catalina.core.StandardContext.reload(StandardContext.java:3869)
	at org.apache.catalina.loader.WebappLoader.backgroundProcess(WebappLoader.java:291)
	at org.apache.catalina.core.StandardContext.backgroundProcess(StandardContext.java:5671)
	at org.apache.catalina.core.ContainerBase$ContainerBackgroundProcessor.processChildren(ContainerBase.java:1377)
	at org.apache.catalina.core.ContainerBase$ContainerBackgroundProcessor.processChildren(ContainerBase.java:1381)
	at org.apache.catalina.core.ContainerBase$ContainerBackgroundProcessor.processChildren(ContainerBase.java:1381)
	at org.apache.catalina.core.ContainerBase$ContainerBackgroundProcessor.run(ContainerBase.java:1349)
	at java.lang.Thread.run(Thread.java:745)
Caused by: javax.persistence.PersistenceException: [PersistenceUnit: default] Unable to build Hibernate SessionFactory
	at org.hibernate.jpa.boot.internal.EntityManagerFactoryBuilderImpl.persistenceException(EntityManagerFactoryBuilderImpl.java:1225)
	at org.hibernate.jpa.boot.internal.EntityManagerFactoryBuilderImpl.access$600(EntityManagerFactoryBuilderImpl.java:119)
	at org.hibernate.jpa.boot.internal.EntityManagerFactoryBuilderImpl$4.perform(EntityManagerFactoryBuilderImpl.java:853)
	at org.hibernate.jpa.boot.internal.EntityManagerFactoryBuilderImpl$4.perform(EntityManagerFactoryBuilderImpl.java:843)
	at org.hibernate.boot.registry.classloading.internal.ClassLoaderServiceImpl.withTccl(ClassLoaderServiceImpl.java:398)
	at org.hibernate.jpa.boot.internal.EntityManagerFactoryBuilderImpl.build(EntityManagerFactoryBuilderImpl.java:842)
	at org.springframework.orm.jpa.vendor.SpringHibernateJpaPersistenceProvider.createContainerEntityManagerFactory(SpringHibernateJpaPersistenceProvider.java:60)
	at org.springframework.orm.jpa.LocalContainerEntityManagerFactoryBean.createNativeEntityManagerFactory(LocalContainerEntityManagerFactoryBean.java:353)
	at org.springframework.orm.jpa.AbstractEntityManagerFactoryBean.buildNativeEntityManagerFactory(AbstractEntityManagerFactoryBean.java:373)
	at org.springframework.orm.jpa.AbstractEntityManagerFactoryBean.afterPropertiesSet(AbstractEntityManagerFactoryBean.java:362)
	at org.springframework.beans.factory.support.AbstractAutowireCapableBeanFactory.invokeInitMethods(AbstractAutowireCapableBeanFactory.java:1687)
	at org.springframework.beans.factory.support.AbstractAutowireCapableBeanFactory.initializeBean(AbstractAutowireCapableBeanFactory.java:1624)
	... 23 more
Caused by: org.hibernate.MappingException: Could not get constructor for org.hibernate.persister.entity.SingleTableEntityPersister
	at org.hibernate.persister.internal.PersisterFactoryImpl.create(PersisterFactoryImpl.java:185)
	at org.hibernate.persister.internal.PersisterFactoryImpl.createEntityPersister(PersisterFactoryImpl.java:135)
	at org.hibernate.internal.SessionFactoryImpl.<init>(SessionFactoryImpl.java:401)
	at org.hibernate.cfg.Configuration.buildSessionFactory(Configuration.java:1857)
	at org.hibernate.jpa.boot.internal.EntityManagerFactoryBuilderImpl$4.perform(EntityManagerFactoryBuilderImpl.java:850)
	... 32 more
Caused by: org.hibernate.InstantiationException: could not instantiate test object : com.cioclass.domain.or.QrcodeBuilder4XSEntity
	at org.hibernate.engine.internal.UnsavedValueFactory.instantiate(UnsavedValueFactory.java:60)
	at org.hibernate.engine.internal.UnsavedValueFactory.getUnsavedIdentifierValue(UnsavedValueFactory.java:85)
	at org.hibernate.tuple.PropertyFactory.buildIdentifierAttribute(PropertyFactory.java:87)
	at org.hibernate.tuple.entity.EntityMetamodel.<init>(EntityMetamodel.java:163)
	at org.hibernate.persister.entity.AbstractEntityPersister.<init>(AbstractEntityPersister.java:520)
	at org.hibernate.persister.entity.SingleTableEntityPersister.<init>(SingleTableEntityPersister.java:148)
	at sun.reflect.GeneratedConstructorAccessor91.newInstance(Unknown Source)
	at sun.reflect.DelegatingConstructorAccessorImpl.newInstance(DelegatingConstructorAccessorImpl.java:45)
	at java.lang.reflect.Constructor.newInstance(Constructor.java:423)
	at org.hibernate.persister.internal.PersisterFactoryImpl.create(PersisterFactoryImpl.java:163)
	... 36 more
Caused by: java.lang.reflect.InvocationTargetException
	at sun.reflect.NativeConstructorAccessorImpl.newInstance0(Native Method)
	at sun.reflect.NativeConstructorAccessorImpl.newInstance(NativeConstructorAccessorImpl.java:62)
	at sun.reflect.DelegatingConstructorAccessorImpl.newInstance(DelegatingConstructorAccessorImpl.java:45)
	at java.lang.reflect.Constructor.newInstance(Constructor.java:423)
	at org.hibernate.engine.internal.UnsavedValueFactory.instantiate(UnsavedValueFactory.java:57)
	... 45 more
Caused by: java.lang.Error: Unresolved compilation problem: 
	Type mismatch: cannot convert from int to String

	at com.cioclass.domain.or.QrcodeBuilder4XSEntity.<init>(QrcodeBuilder4XSEntity.java:41)
	... 50 more
